Unable to capture context for thread 5260 in process 24640, can not generate back trace
Exception at PC 0x00007FF9232ABB93
Printing stacktrace...

Unable to capture context for thread 5260 in process 24640, can not generate back trace
Exception at PC 0x00007FF9CC1ACD29
Exception at PC 0x00007FF9CC1ACD29
Exception at PC 0x00007FF9CC1ACD29
Exception at PC 0x00007FF9CC1ACD29
Exception at PC 0x00007FF9CC1ACD29
Exception at PC 0x00007FF9CC1ACD29
Exception at PC 0x00007FF9CC1ACD29
Exception at PC 0x00007FF9CC1ACD29
Exception at PC 0x00007FF9CC1ACD29
Exception at PC 0x00007FF9CC1ACD29
Exception at PC 0x00007FF9CC1ACD29
Exception at PC 0x00007FF9CC1ACD29
Exception at PC 0x00007FF9CC1ACD29
[0]  [0x00007FF9232ABB93]
[1]  [0x00007FF9232ABB93]
[2]  [0x00007FF9232AB4A1]
[3]  [0x00007FF9232AB3EF]
[4]  [0x00007FF9232919FE]
[5]  [0x00007FF923290ED1]
[6]  [0x00007FF923290D76]
[7]  [0x00007FF9232379F6]
[8]  [0x00007FF923227AFB]
[9]  [0x00007FF92334E90A]
[10]  [0x00007FF923369F87]
[11]  [0x00007FF92336A05F]
[12] (BaseThreadInitThunk+0x14) [0x00007FF9CD327614]
[13] (RtlUserThreadStart+0x21) [0x00007FF9CEAE26A1]
Done
Exception at PC 0x00007FF9CC1ACD29
Exception at PC 0x00007FF9CC1ACD29
Exception at PC 0x00007FF9CC1ACD29
Exception at PC 0x00007FF9CC1ACD29
Exception at PC 0x00007FF9CC1ACD29
